<?xml version="1.0" encoding="UTF-8"?>
<!-- Generated by org.testng.reporters.JUnitXMLReporter -->
<testsuite ignored="0" hostname="Mukul" failures="0" tests="4" name="own framework" time="68.27" errors="0" timestamp="2021-02-06T11:02:10 EST">
  <testcase classname="testcases.SearchBoxTest" name="serchBox" time="6.787"/>
  <testcase classname="testcases.SearchBoxTest" name="Searchitem" time="15.066"/>
  <testcase classname="testcases.SigninPageTest" name="serchBox" time="4.395"/>
  <testcase classname="testcases.RegistationPageTest" name="validateCreateaccount" time="0.0">
    <skipped/>
  </testcase> <!-- validateCreateaccount -->
</testsuite> <!-- own framework -->
