<?xml version="1.0" encoding="UTF-8"?>
<!-- Generated by org.testng.reporters.JUnitXMLReporter -->
<testsuite ignored="0" hostname="Mukul" failures="0" tests="4" name="own framework" time="62.655" errors="0" timestamp="2021-02-03T18:57:00 EST">
  <testcase classname="testcases.SearchBoxTest" name="serchBox" time="4.919"/>
  <testcase classname="testcases.SearchBoxTest" name="Searchitem" time="15.157"/>
  <testcase classname="testcases.SigninPageTest" name="serchBox" time="4.253"/>
  <testcase classname="testcases.RegistationPageTest" name="validateCreateaccount" time="0.0">
    <skipped/>
  </testcase> <!-- validateCreateaccount -->
</testsuite> <!-- own framework -->
