<?xml version="1.0" encoding="UTF-8"?>
<testng-results ignored="0" total="4" passed="3" failed="0" skipped="1">
  <reporter-output>
  </reporter-output>
  <suite started-at="2021-02-06T11:01:02 EST" name="Hybride framework test Suite" finished-at="2021-02-06T11:02:10 EST" duration-ms="68270">
    <groups>
    </groups>
    <test started-at="2021-02-06T11:01:02 EST" name="own framework" finished-at="2021-02-06T11:02:10 EST" duration-ms="68270">
      <class name="testcases.SearchBoxTest">
        <test-method is-config="true" signature="setUp()[pri:0, instance:testcases.SearchBoxTest@1534f01b]" started-at="2021-02-06T11:01:02 EST" name="setUp" finished-at="2021-02-06T11:01:15 EST" duration-ms="13541" status="PASS">
          <reporter-output>
          </reporter-output>
        </test-method> <!-- setUp -->
        <test-method signature="serchBox()[pri:1, instance:testcases.SearchBoxTest@1534f01b]" started-at="2021-02-06T11:01:15 EST" name="serchBox" finished-at="2021-02-06T11:01:22 EST" duration-ms="6787" status="PASS">
          <reporter-output>
          </reporter-output>
        </test-method> <!-- serchBox -->
        <test-method is-config="true" signature="tearDown()[pri:0, instance:testcases.SearchBoxTest@1534f01b]" started-at="2021-02-06T11:01:22 EST" name="tearDown" finished-at="2021-02-06T11:01:24 EST" duration-ms="1434" status="PASS">
          <reporter-output>
          </reporter-output>
        </test-method> <!-- tearDown -->
        <test-method is-config="true" signature="setUp()[pri:0, instance:testcases.SearchBoxTest@1534f01b]" started-at="2021-02-06T11:01:24 EST" name="setUp" finished-at="2021-02-06T11:01:33 EST" duration-ms="8949" status="PASS">
          <reporter-output>
          </reporter-output>
        </test-method> <!-- setUp -->
        <test-method signature="Searchitem()[pri:2, instance:testcases.SearchBoxTest@1534f01b]" started-at="2021-02-06T11:01:33 EST" name="Searchitem" finished-at="2021-02-06T11:01:48 EST" duration-ms="15066" status="PASS">
          <reporter-output>
          </reporter-output>
        </test-method> <!-- Searchitem -->
        <test-method is-config="true" signature="tearDown()[pri:0, instance:testcases.SearchBoxTest@1534f01b]" started-at="2021-02-06T11:01:48 EST" name="tearDown" finished-at="2021-02-06T11:01:49 EST" duration-ms="1285" status="PASS">
          <reporter-output>
          </reporter-output>
        </test-method> <!-- tearDown -->
      </class> <!-- testcases.SearchBoxTest -->
      <class name="testcases.RegistationPageTest">
        <test-method signature="validateCreateaccount(java.lang.String, java.lang.String, java.lang.String, java.lang.String)[pri:1, instance:testcases.RegistationPageTest@2ea227af]" started-at="2021-02-06T11:02:10 EST" name="validateCreateaccount" data-provider="getCTestData" finished-at="2021-02-06T11:02:10 EST" duration-ms="0" status="SKIP">
          <exception class="java.lang.RuntimeException">
            <message>
              <![CDATA[java.lang.NullPointerException]]>
            </message>
            <full-stacktrace>
              <![CDATA[java.lang.RuntimeException: java.lang.NullPointerException
at org.testng.internal.MethodInvocationHelper.invokeMethodNoCheckedException(MethodInvocationHelper.java:49)
at org.testng.internal.MethodInvocationHelper.invokeDataProvider(MethodInvocationHelper.java:145)
at org.testng.internal.Parameters.handleParameters(Parameters.java:797)
at org.testng.internal.Parameters.handleParameters(Parameters.java:740)
at org.testng.internal.ParameterHandler.handleParameters(ParameterHandler.java:59)
at org.testng.internal.ParameterHandler.createParameters(ParameterHandler.java:38)
at org.testng.internal.TestInvoker$MethodInvocationAgent.invoke(TestInvoker.java:789)
at org.testng.internal.TestInvoker.invokeTestMethods(TestInvoker.java:147)
at org.testng.internal.TestMethodWorker.invokeTestMethods(TestMethodWorker.java:146)
at org.testng.internal.TestMethodWorker.run(TestMethodWorker.java:128)
at java.base/java.util.ArrayList.forEach(ArrayList.java:1507)
at org.testng.TestRunner.privateRun(TestRunner.java:764)
at org.testng.TestRunner.run(TestRunner.java:585)
at org.testng.SuiteRunner.runTest(SuiteRunner.java:384)
at org.testng.SuiteRunner.runSequentially(SuiteRunner.java:378)
at org.testng.SuiteRunner.privateRun(SuiteRunner.java:337)
at org.testng.SuiteRunner.run(SuiteRunner.java:286)
at org.testng.SuiteRunnerWorker.runSuite(SuiteRunnerWorker.java:53)
at org.testng.SuiteRunnerWorker.run(SuiteRunnerWorker.java:96)
at org.testng.TestNG.runSuitesSequentially(TestNG.java:1218)
at org.testng.TestNG.runSuitesLocally(TestNG.java:1140)
at org.testng.TestNG.runSuites(TestNG.java:1069)
at org.testng.TestNG.run(TestNG.java:1037)
at org.testng.remote.AbstractRemoteTestNG.run(AbstractRemoteTestNG.java:115)
at org.testng.remote.RemoteTestNG.initAndRun(RemoteTestNG.java:251)
at org.testng.remote.RemoteTestNG.main(RemoteTestNG.java:77)
Caused by: java.lang.NullPointerException
at org.apache.poi.ss.usermodel.WorkbookFactory.create(WorkbookFactory.java:256)
at org.apache.poi.ss.usermodel.WorkbookFactory.create(WorkbookFactory.java:221)
at utiles.TestUtil.getTestData(TestUtil.java:43)
at testcases.RegistationPageTest.getCTestData(RegistationPageTest.java:28)
at java.base/jdk.internal.reflect.NativeMethodAccessorImpl.invoke0(Native Method)
at java.base/jdk.internal.reflect.NativeMethodAccessorImpl.invoke(NativeMethodAccessorImpl.java:62)
at java.base/jdk.internal.reflect.DelegatingMethodAccessorImpl.invoke(DelegatingMethodAccessorImpl.java:43)
at java.base/java.lang.reflect.Method.invoke(Method.java:567)
at org.testng.internal.MethodInvocationHelper.invokeMethod(MethodInvocationHelper.java:132)
at org.testng.internal.MethodInvocationHelper.invokeMethod(MethodInvocationHelper.java:76)
at org.testng.internal.MethodInvocationHelper.invokeMethodNoCheckedException(MethodInvocationHelper.java:45)
... 25 more
]]>
            </full-stacktrace>
          </exception> <!-- java.lang.RuntimeException -->
          <reporter-output>
          </reporter-output>
        </test-method> <!-- validateCreateaccount -->
      </class> <!-- testcases.RegistationPageTest -->
      <class name="testcases.SigninPageTest">
        <test-method is-config="true" signature="setUp()[pri:0, instance:testcases.SigninPageTest@78e117e3]" started-at="2021-02-06T11:01:49 EST" name="setUp" finished-at="2021-02-06T11:02:04 EST" duration-ms="14719" status="PASS">
          <reporter-output>
          </reporter-output>
        </test-method> <!-- setUp -->
        <test-method signature="serchBox()[pri:1, instance:testcases.SigninPageTest@78e117e3]" started-at="2021-02-06T11:02:04 EST" name="serchBox" finished-at="2021-02-06T11:02:08 EST" duration-ms="4395" status="PASS">
          <reporter-output>
          </reporter-output>
        </test-method> <!-- serchBox -->
        <test-method is-config="true" signature="tearDown()[pri:0, instance:testcases.SigninPageTest@78e117e3]" started-at="2021-02-06T11:02:08 EST" name="tearDown" finished-at="2021-02-06T11:02:10 EST" duration-ms="1616" status="PASS">
          <reporter-output>
          </reporter-output>
        </test-method> <!-- tearDown -->
      </class> <!-- testcases.SigninPageTest -->
    </test> <!-- own framework -->
  </suite> <!-- Hybride framework test Suite -->
</testng-results>
